<?xml version="1.0" encoding="UTF-8"?>
<!-- Generated by org.testng.reporters.JUnitReportReporter -->
<testsuite skipped="0" hostname="BR-00000296" name="tests.TestsExamples" tests="2" failures="0" timestamp="2021-01-23T09:55:46 GMT-03:00" time="6.685" errors="0">
  <testcase name="test_2" time="0.307" classname="tests.TestsExamples"/>
  <testcase name="test_1" time="6.378" classname="tests.TestsExamples"/>
</testsuite> <!-- tests.TestsExamples -->
