<?xml version="1.0" encoding="UTF-8"?>
<!-- Generated by org.testng.reporters.JUnitReportReporter -->
<testsuite skipped="0" hostname="BR-00000296" name="tests.TestsExamples" tests="1" failures="0" timestamp="26 Jan 2021 19:39:56 GMT" time="7.825" errors="0">
  <testcase name="test_2" time="7.825" classname="tests.TestsExamples"/>
</testsuite> <!-- tests.TestsExamples -->
