<?xml version="1.0" encoding="UTF-8"?>
<!-- Generated by org.testng.reporters.JUnitReportReporter -->
<testsuite skipped="0" hostname="BR-00000296" name="tests.GetAndPostExamples" tests="2" failures="0" timestamp="13 Feb 2021 22:44:19 GMT" time="0.600" errors="0">
  <testcase name="testGet" time="0.128" classname="tests.GetAndPostExamples"/>
  <testcase name="testPost" time="0.472" classname="tests.GetAndPostExamples"/>
</testsuite> <!-- tests.GetAndPostExamples -->
