<?xml version="1.0" encoding="UTF-8"?>
<!-- Generated by org.testng.reporters.JUnitReportReporter -->
<testsuite skipped="0" hostname="BR-00000296" name="tests.TestsSoapXMLRequest" tests="1" failures="0" timestamp="13 Feb 2021 20:32:21 GMT" time="3.352" errors="0">
  <testcase name="validateSoapXML" time="3.352" classname="tests.TestsSoapXMLRequest"/>
</testsuite> <!-- tests.TestsSoapXMLRequest -->
