<?xml version="1.0" encoding="UTF-8"?>
<!-- Generated by org.testng.reporters.JUnitReportReporter -->
<testsuite skipped="0" hostname="BR-00000296" name="tests.TestsLocalAPI" tests="2" failures="0" timestamp="13 Feb 2021 22:44:19 GMT" time="0.036" errors="0">
  <testcase name="post" time="0.019" classname="tests.TestsLocalAPI"/>
  <testcase name="delete" time="0.017" classname="tests.TestsLocalAPI"/>
</testsuite> <!-- tests.TestsLocalAPI -->
