<?xml version="1.0" encoding="UTF-8"?>
<!-- Generated by org.testng.reporters.JUnitReportReporter -->
<testsuite skipped="0" hostname="BR-00000296" name="tests.TestsExamples" tests="2" failures="0" timestamp="13 Feb 2021 22:44:19 GMT" time="0.255" errors="0">
  <testcase name="test_1" time="0.136" classname="tests.TestsExamples"/>
  <testcase name="test_2" time="0.119" classname="tests.TestsExamples"/>
</testsuite> <!-- tests.TestsExamples -->
