<?xml version="1.0" encoding="UTF-8"?>
<!-- Generated by org.testng.reporters.JUnitReportReporter -->
<testsuite skipped="0" hostname="BR-00000296" name="tests.GetAndPostExamples" tests="2" failures="0" timestamp="26 Jan 2021 20:26:02 GMT" time="8.458" errors="0">
  <testcase name="testGet" time="7.379" classname="tests.GetAndPostExamples"/>
  <testcase name="testPost" time="1.079" classname="tests.GetAndPostExamples"/>
</testsuite> <!-- tests.GetAndPostExamples -->
