<?xml version="1.0" encoding="UTF-8"?>
<!-- Generated by org.testng.reporters.JUnitReportReporter -->
<testsuite skipped="0" hostname="BR-00000296" name="tests.TestJSONSchemaValidator" tests="1" failures="0" timestamp="13 Feb 2021 22:44:19 GMT" time="1.611" errors="0">
  <testcase name="testGet" time="1.611" classname="tests.TestJSONSchemaValidator"/>
</testsuite> <!-- tests.TestJSONSchemaValidator -->
