<?xml version="1.0" encoding="UTF-8"?>
<!-- Generated by org.testng.reporters.JUnitReportReporter -->
<testsuite skipped="0" hostname="BR-00000296" name="tests.TestXMLSchemaValidator" tests="1" failures="0" timestamp="13 Feb 2021 21:59:53 GMT" time="3.528" errors="0">
  <testcase name="schemaValidator" time="3.528" classname="tests.TestXMLSchemaValidator"/>
</testsuite> <!-- tests.TestXMLSchemaValidator -->
