<?xml version="1.0" encoding="UTF-8"?>
<!-- Generated by org.testng.reporters.JUnitReportReporter -->
<testsuite skipped="0" hostname="BR-00000296" name="tests.PutPatchAndDeleteExamples" tests="1" failures="0" timestamp="26 Jan 2021 21:01:48 GMT" time="6.753" errors="0">
  <testcase name="testDelete" time="6.753" classname="tests.PutPatchAndDeleteExamples"/>
</testsuite> <!-- tests.PutPatchAndDeleteExamples -->
