<?xml version="1.0" encoding="UTF-8"?>
<!-- Generated by org.testng.reporters.JUnitReportReporter -->
<testsuite skipped="0" hostname="BR-00000296" name="tests.PutPatchAndDeleteExamples" tests="3" failures="0" timestamp="13 Feb 2021 22:44:19 GMT" time="1.436" errors="0">
  <testcase name="testPut" time="0.485" classname="tests.PutPatchAndDeleteExamples"/>
  <testcase name="testDelete" time="0.468" classname="tests.PutPatchAndDeleteExamples"/>
  <testcase name="testPatch" time="0.483" classname="tests.PutPatchAndDeleteExamples"/>
</testsuite> <!-- tests.PutPatchAndDeleteExamples -->
