<?xml version="1.0" encoding="UTF-8"?>
<!-- Generated by org.testng.reporters.JUnitReportReporter -->
<testsuite skipped="0" hostname="BR-00000296" name="tests.TestsLocalAPI" tests="1" failures="0" timestamp="13 Feb 2021 14:40:30 GMT" time="2.653" errors="0">
  <testcase name="delete" time="2.653" classname="tests.TestsLocalAPI"/>
</testsuite> <!-- tests.TestsLocalAPI -->
